◇ injected env (1) from .env // tip: ⌘ custom filepath { path: '/custom/path/.env' }
(node:59469) TimeoutNegativeWarning: -1778149823738 is a negative number.
Timeout duration was set to 1.
(Use `node --trace-warnings ...` to show where the warning was created)
Kafka Connected ✅
MongoDB Connected (Replica Set) ✅
{"level":"INFO","timestamp":"2026-05-07T10:30:23.743Z","logger":"kafkajs","message":"[Consumer] Starting","groupId":"payment-group-v6"}
{"level":"INFO","timestamp":"2026-05-07T10:30:26.827Z","logger":"kafkajs","message":"[ConsumerGroup] Consumer has joined the group","groupId":"payment-group-v6","memberId":"worker-781b3904-4cdf-4997-bec6-11b957fd0134","leaderId":"worker-781b3904-4cdf-4997-bec6-11b957fd0134","isLeader":true,"memberAssignment":{"transactions":[0]},"groupProtocol":"RoundRobinAssigner","duration":3081}
{"level":"WARN","timestamp":"2026-05-07T15:07:54.230Z","logger":"kafkajs","message":"[RequestQueue] Response without match","clientId":"worker","broker":"localhost:9092","correlationId":3105}
{"level":"WARN","timestamp":"2026-05-07T15:24:05.060Z","logger":"kafkajs","message":"[RequestQueue] Response without match","clientId":"worker","broker":"localhost:9092","correlationId":3114}
{"level":"WARN","timestamp":"2026-05-07T15:40:16.512Z","logger":"kafkajs","message":"[RequestQueue] Response without match","clientId":"worker","broker":"localhost:9092","correlationId":3123}
{"level":"WARN","timestamp":"2026-05-07T15:56:32.685Z","logger":"kafkajs","message":"[RequestQueue] Response without match","clientId":"worker","broker":"localhost:9092","correlationId":3133}
{"level":"WARN","timestamp":"2026-05-07T16:12:58.831Z","logger":"kafkajs","message":"[RequestQueue] Response without match","clientId":"worker","broker":"localhost:9092","correlationId":3145}
{"level":"ERROR","timestamp":"2026-05-07T16:19:48.186Z","logger":"kafkajs","message":"[Consumer] Crash: KafkaJSNumberOfRetriesExceeded: Request Fetch(key: 1, version: 11) timed out","groupId":"payment-group-v6","retryCount":5,"stack":"KafkaJSNonRetriableError\n  Caused by: KafkaJSRequestTimeoutError: Request Fetch(key: 1, version: 11) timed out\n    at SocketRequest.timeoutRequest (/Users/nithin/Desktop/cross-border-payments/worker-service/node_modules/kafkajs/src/network/requestQueue/socketRequest.js:107:19)\n    at /Users/nithin/Desktop/cross-border-payments/worker-service/node_modules/kafkajs/src/network/requestQueue/index.js:94:21\n    at Map.forEach (<anonymous>)\n    at Timeout._onTimeout (/Users/nithin/Desktop/cross-border-payments/worker-service/node_modules/kafkajs/src/network/requestQueue/index.js:92:23)\n    at listOnTimeout (node:internal/timers:605:17)\n    at process.processTimers (node:internal/timers:541:7)"}
{"level":"INFO","timestamp":"2026-05-07T16:19:48.464Z","logger":"kafkajs","message":"[Consumer] Stopped","groupId":"payment-group-v6"}
{"level":"ERROR","timestamp":"2026-05-07T16:19:48.466Z","logger":"kafkajs","message":"[Consumer] Restarting the consumer in 9698ms","retryCount":5,"retryTime":9698,"groupId":"payment-group-v6"}
{"level":"WARN","timestamp":"2026-05-07T16:19:50.844Z","logger":"kafkajs","message":"[RequestQueue] Response without match","clientId":"worker","broker":"localhost:9092","correlationId":3154}
{"level":"INFO","timestamp":"2026-05-07T16:19:58.166Z","logger":"kafkajs","message":"[Consumer] Starting","groupId":"payment-group-v6"}
{"level":"INFO","timestamp":"2026-05-07T16:20:01.259Z","logger":"kafkajs","message":"[ConsumerGroup] Consumer has joined the group","groupId":"payment-group-v6","memberId":"worker-fa94a44d-88b2-4cb3-bb03-ead6fe7921b0","leaderId":"worker-fa94a44d-88b2-4cb3-bb03-ead6fe7921b0","isLeader":true,"memberAssignment":{"transactions":[0]},"groupProtocol":"RoundRobinAssigner","duration":3081}
{"level":"WARN","timestamp":"2026-05-07T21:55:51.275Z","logger":"kafkajs","message":"[RequestQueue] Response without match","clientId":"worker","broker":"localhost:9092","correlationId":3800}
{"level":"WARN","timestamp":"2026-05-07T22:12:02.092Z","logger":"kafkajs","message":"[RequestQueue] Response without match","clientId":"worker","broker":"localhost:9092","correlationId":3809}
{"level":"WARN","timestamp":"2026-05-07T22:28:13.591Z","logger":"kafkajs","message":"[RequestQueue] Response without match","clientId":"worker","broker":"localhost:9092","correlationId":3818}
{"level":"WARN","timestamp":"2026-05-07T22:44:24.413Z","logger":"kafkajs","message":"[RequestQueue] Response without match","clientId":"worker","broker":"localhost:9092","correlationId":3827}
{"level":"WARN","timestamp":"2026-05-07T23:00:36.008Z","logger":"kafkajs","message":"[RequestQueue] Response without match","clientId":"worker","broker":"localhost:9092","correlationId":3836}
{"level":"ERROR","timestamp":"2026-05-07T23:16:43.963Z","logger":"kafkajs","message":"[Consumer] Crash: KafkaJSNumberOfRetriesExceeded: Request Fetch(key: 1, version: 11) timed out","groupId":"payment-group-v6","retryCount":5,"stack":"KafkaJSNonRetriableError\n  Caused by: KafkaJSRequestTimeoutError: Request Fetch(key: 1, version: 11) timed out\n    at SocketRequest.timeoutRequest (/Users/nithin/Desktop/cross-border-payments/worker-service/node_modules/kafkajs/src/network/requestQueue/socketRequest.js:107:19)\n    at /Users/nithin/Desktop/cross-border-payments/worker-service/node_modules/kafkajs/src/network/requestQueue/index.js:94:21\n    at Map.forEach (<anonymous>)\n    at Timeout._onTimeout (/Users/nithin/Desktop/cross-border-payments/worker-service/node_modules/kafkajs/src/network/requestQueue/index.js:92:23)\n    at listOnTimeout (node:internal/timers:605:17)\n    at process.processTimers (node:internal/timers:541:7)"}
{"level":"INFO","timestamp":"2026-05-07T23:16:44.051Z","logger":"kafkajs","message":"[Consumer] Stopped","groupId":"payment-group-v6"}
{"level":"ERROR","timestamp":"2026-05-07T23:16:44.053Z","logger":"kafkajs","message":"[Consumer] Restarting the consumer in 8352ms","retryCount":5,"retryTime":8352,"groupId":"payment-group-v6"}
{"level":"WARN","timestamp":"2026-05-07T23:16:45.632Z","logger":"kafkajs","message":"[RequestQueue] Response without match","clientId":"worker","broker":"localhost:9092","correlationId":3844}
{"level":"INFO","timestamp":"2026-05-07T23:16:52.407Z","logger":"kafkajs","message":"[Consumer] Starting","groupId":"payment-group-v6"}
{"level":"INFO","timestamp":"2026-05-07T23:16:55.579Z","logger":"kafkajs","message":"[ConsumerGroup] Consumer has joined the group","groupId":"payment-group-v6","memberId":"worker-e950b418-a15a-4266-93a8-8bcd7dbdee23","leaderId":"worker-e950b418-a15a-4266-93a8-8bcd7dbdee23","isLeader":true,"memberAssignment":{"transactions":[0]},"groupProtocol":"RoundRobinAssigner","duration":3161}
{"level":"WARN","timestamp":"2026-05-07T23:33:01.274Z","logger":"kafkajs","message":"[RequestQueue] Response without match","clientId":"worker","broker":"localhost:9092","correlationId":7}
{"level":"WARN","timestamp":"2026-05-07T23:40:42.213Z","logger":"kafkajs","message":"[RequestQueue] Response without match","clientId":"worker","broker":"localhost:9092","correlationId":15}
{"level":"WARN","timestamp":"2026-05-07T23:56:17.291Z","logger":"kafkajs","message":"[RequestQueue] Response without match","clientId":"worker","broker":"localhost:9092","correlationId":17}
{"level":"WARN","timestamp":"2026-05-08T00:12:22.812Z","logger":"kafkajs","message":"[RequestQueue] Response without match","clientId":"worker","broker":"localhost:9092","correlationId":25}
{"level":"WARN","timestamp":"2026-05-08T00:28:39.664Z","logger":"kafkajs","message":"[RequestQueue] Response without match","clientId":"worker","broker":"localhost:9092","correlationId":35}
{"level":"ERROR","timestamp":"2026-05-08T00:41:41.979Z","logger":"kafkajs","message":"[Consumer] Crash: KafkaJSNumberOfRetriesExceeded: Request Fetch(key: 1, version: 11) timed out","groupId":"payment-group-v6","retryCount":5,"stack":"KafkaJSNonRetriableError\n  Caused by: KafkaJSRequestTimeoutError: Request Fetch(key: 1, version: 11) timed out\n    at SocketRequest.timeoutRequest (/Users/nithin/Desktop/cross-border-payments/worker-service/node_modules/kafkajs/src/network/requestQueue/socketRequest.js:107:19)\n    at /Users/nithin/Desktop/cross-border-payments/worker-service/node_modules/kafkajs/src/network/requestQueue/index.js:94:21\n    at Map.forEach (<anonymous>)\n    at Timeout._onTimeout (/Users/nithin/Desktop/cross-border-payments/worker-service/node_modules/kafkajs/src/network/requestQueue/index.js:92:23)\n    at listOnTimeout (node:internal/timers:605:17)\n    at process.processTimers (node:internal/timers:541:7)"}
{"level":"INFO","timestamp":"2026-05-08T00:41:42.056Z","logger":"kafkajs","message":"[Consumer] Stopped","groupId":"payment-group-v6"}
{"level":"ERROR","timestamp":"2026-05-08T00:41:42.056Z","logger":"kafkajs","message":"[Consumer] Restarting the consumer in 10930ms","retryCount":5,"retryTime":10930,"groupId":"payment-group-v6"}
{"level":"WARN","timestamp":"2026-05-08T00:41:45.360Z","logger":"kafkajs","message":"[RequestQueue] Response without match","clientId":"worker","broker":"localhost:9092","correlationId":44}
{"level":"INFO","timestamp":"2026-05-08T00:41:52.978Z","logger":"kafkajs","message":"[Consumer] Starting","groupId":"payment-group-v6"}
{"level":"INFO","timestamp":"2026-05-08T00:41:56.094Z","logger":"kafkajs","message":"[ConsumerGroup] Consumer has joined the group","groupId":"payment-group-v6","memberId":"worker-94721da8-085f-44b1-8da5-833b6f45ab8c","leaderId":"worker-94721da8-085f-44b1-8da5-833b6f45ab8c","isLeader":true,"memberAssignment":{"transactions":[0]},"groupProtocol":"RoundRobinAssigner","duration":3113}
{"level":"WARN","timestamp":"2026-05-08T00:57:56.717Z","logger":"kafkajs","message":"[RequestQueue] Response without match","clientId":"worker","broker":"localhost:9092","correlationId":6}
{"level":"WARN","timestamp":"2026-05-08T01:13:55.796Z","logger":"kafkajs","message":"[RequestQueue] Response without match","clientId":"worker","broker":"localhost:9092","correlationId":16}
{"level":"WARN","timestamp":"2026-05-08T01:30:56.728Z","logger":"kafkajs","message":"[RequestQueue] Response without match","clientId":"worker","broker":"localhost:9092","correlationId":35}
{"level":"WARN","timestamp":"2026-05-08T01:47:07.409Z","logger":"kafkajs","message":"[RequestQueue] Response without match","clientId":"worker","broker":"localhost:9092","correlationId":44}
{"level":"WARN","timestamp":"2026-05-08T01:56:06.586Z","logger":"kafkajs","message":"[RequestQueue] Response without match","clientId":"worker","broker":"localhost:9092","correlationId":52}
